Using pre-set license
Built from '2020.3/staging' branch; Version is '2020.3.0f1 (c7b5465681fb) revision 13088070'; Using compiler version '192528614'; Build Type 'Release'
OS: 'Windows 10 Home Single Language; OS build 19043.1526; Version 2009; 64bit' Language: 'tr' Physical Memory: 8134 MB
BatchMode: 1, IsHumanControllingUs: 0, StartBugReporterOnCrash: 0, Is64bit: 1, IsPro: 0

 COMMAND LINE ARGUMENTS:
C:\Program Files\Unity\Hub\Editor\2020.3.0f1\Editor\Unity.exe
-adb2
-batchMode
-noUpm
-name
AssetImportWorker0
-projectPath
C:/Users/cagri/Desktop/CubeSurfer
-logFile
Logs/AssetImportWorker0.log
-srvPort
59837
Successfully changed project path to: C:/Users/cagri/Desktop/CubeSurfer
C:/Users/cagri/Desktop/CubeSurfer
Using Asset Import Pipeline V2.
Refreshing native plugins compatible for Editor in 79.63 ms, found 0 plugins.
Preloading 0 native plugins for Editor in 0.00 ms.
Initialize engine version: 2020.3.0f1 (c7b5465681fb)
[Subsystems] Discovering subsystems at path C:/Program Files/Unity/Hub/Editor/2020.3.0f1/Editor/Data/Resources/UnitySubsystems
[Subsystems] Discovering subsystems at path C:/Users/cagri/Desktop/CubeSurfer/Assets
GfxDevice: creating device client; threaded=0
Direct3D:
    Version:  Direct3D 11.0 [level 11.1]
    Renderer: NVIDIA GeForce GTX 1060 6GB (ID=0x1c03)
    Vendor:   
    VRAM:     6052 MB
    Driver:   30.0.14.7141
Initialize mono
Mono path[0] = 'C:/Program Files/Unity/Hub/Editor/2020.3.0f1/Editor/Data/Managed'
Mono path[1] = 'C:/Program Files/Unity/Hub/Editor/2020.3.0f1/Editor/Data/MonoBleedingEdge/lib/mono/unityjit'
Mono config path = 'C:/Program Files/Unity/Hub/Editor/2020.3.0f1/Editor/Data/MonoBleedingEdge/etc'
Using monoOptions --debugger-agent=transport=dt_socket,embedding=1,server=y,suspend=n,address=127.0.0.1:56880
Begin MonoManager ReloadAssembly
Registering precompiled unity dll's ...
Register platform support module: C:/Program Files/Unity/Hub/Editor/2020.3.0f1/Editor/Data/PlaybackEngines/WindowsStandaloneSupport/UnityEditor.WindowsStandalone.Extensions.dll
Registered in 0.002010 seconds.
Native extension for WindowsStandalone target not found
Refreshing native plugins compatible for Editor in 77.10 ms, found 0 plugins.
Preloading 0 native plugins for Editor in 0.00 ms.
Invoked RoslynAnalysisRunner static constructor.
RoslynAnalysisRunner will not be running.
RoslynAnalysisRunner has terminated.
Mono: successfully reloaded assembly
- Completed reload, in  2.829 seconds
Platform modules already initialized, skipping
Registering precompiled user dll's ...
Registered in 0.001639 seconds.
Begin MonoManager ReloadAssembly
Native extension for WindowsStandalone target not found
Refreshing native plugins compatible for Editor in 105.90 ms, found 0 plugins.
Preloading 0 native plugins for Editor in 0.00 ms.
Invoked RoslynAnalysisRunner static constructor.
RoslynAnalysisRunner will not be running.
RoslynAnalysisRunner has terminated.
Mono: successfully reloaded assembly
- Completed reload, in  2.786 seconds
Platform modules already initialized, skipping
========================================================================
Worker process is ready to serve import requests
Shader 'Universal Render Pipeline/Particles/Lit': fallback shader 'Universal Render Pipeline/Particles/SimpleLit' not found
Shader 'Universal Render Pipeline/Particles/Lit': fallback shader 'Universal Render Pipeline/Particles/SimpleLit' not found
Launched and connected shader compiler UnityShaderCompiler.exe after 1.00 seconds
Refreshing native plugins compatible for Editor in 0.54 ms, found 0 plugins.
Preloading 0 native plugins for Editor in 0.00 ms.
Unloading 2464 Unused Serialized files (Serialized files now loaded: 0)
System memory in use before: 113.1 MB.
System memory in use after: 110.9 MB.

Unloading 46 unused Assets to reduce memory usage. Loaded Objects now: 2871.
Total: 6.129600 ms (FindLiveObjects: 0.289300 ms CreateObjectMapping: 0.168500 ms MarkObjects: 2.371300 ms  DeleteObjects: 3.298800 ms)

========================================================================
Received Import Request.
  path: Assets/Scripts/TriggerControl.cs
  artifactKey: Guid(a48329e0369e0184aad85f3b5c074dd0) Importer(815301076,1909f56bfc062723c751e8b465ee728b)
Start importing Assets/Scripts/TriggerControl.cs using Guid(a48329e0369e0184aad85f3b5c074dd0) Importer(815301076,1909f56bfc062723c751e8b465ee728b)  -> (artifact id: '5bd70a3e2f3305fd0607e1f11537bbd8') in 0.065172 seconds
  Import took 0.074638 seconds .

========================================================================
Received Import Request.
  Time since last request: 41.768574 seconds.
  path: Assets/Scripts/CubeController.cs
  artifactKey: Guid(fea7fbc911fdea04396a396979953f1c) Importer(815301076,1909f56bfc062723c751e8b465ee728b)
Start importing Assets/Scripts/CubeController.cs using Guid(fea7fbc911fdea04396a396979953f1c) Importer(815301076,1909f56bfc062723c751e8b465ee728b)  -> (artifact id: 'a3e39673345f88e4eb6af2d89b555f36') in 0.009162 seconds
  Import took 0.014263 seconds .

========================================================================
Received Import Request.
  Time since last request: 2.506998 seconds.
  path: Assets/Scripts/CubeScaler.cs
  artifactKey: Guid(474bff5a996fc0c459a359a466e53c48) Importer(815301076,1909f56bfc062723c751e8b465ee728b)
Start importing Assets/Scripts/CubeScaler.cs using Guid(474bff5a996fc0c459a359a466e53c48) Importer(815301076,1909f56bfc062723c751e8b465ee728b)  -> (artifact id: 'fa3b45db019353ea79aa71646a5ee954') in 0.003789 seconds
  Import took 0.009416 seconds .

========================================================================
Received Prepare
Registering precompiled user dll's ...
Registered in 0.001551 seconds.
Begin MonoManager ReloadAssembly
Native extension for WindowsStandalone target not found
Refreshing native plugins compatible for Editor in 0.41 ms, found 0 plugins.
Preloading 0 native plugins for Editor in 0.00 ms.
Invoked RoslynAnalysisRunner static constructor.
RoslynAnalysisRunner will not be running.
RoslynAnalysisRunner has terminated.
Mono: successfully reloaded assembly
- Completed reload, in  1.051 seconds
Platform modules already initialized, skipping
Shader 'Universal Render Pipeline/Particles/Lit': fallback shader 'Universal Render Pipeline/Particles/SimpleLit' not found
Shader 'Universal Render Pipeline/Particles/Lit': fallback shader 'Universal Render Pipeline/Particles/SimpleLit' not found
Refreshing native plugins compatible for Editor in 0.43 ms, found 0 plugins.
Preloading 0 native plugins for Editor in 0.00 ms.
Unloading 2391 Unused Serialized files (Serialized files now loaded: 0)
System memory in use before: 110.2 MB.
System memory in use after: 108.0 MB.

Unloading 41 unused Assets to reduce memory usage. Loaded Objects now: 2874.
Total: 4.231700 ms (FindLiveObjects: 0.396700 ms CreateObjectMapping: 0.162500 ms MarkObjects: 2.296300 ms  DeleteObjects: 1.375000 ms)

========================================================================
Received Import Request.
  Time since last request: 520.848041 seconds.
  path: Assets/Prefabs/Piece3.prefab
  artifactKey: Guid(6d38e567920f05946bd4d32de8b2bbdf) Importer(815301076,1909f56bfc062723c751e8b465ee728b)
Start importing Assets/Prefabs/Piece3.prefab using Guid(6d38e567920f05946bd4d32de8b2bbdf) Importer(815301076,1909f56bfc062723c751e8b465ee728b)  -> (artifact id: '678f67d0be9a70b8e5a8d5cc998c119b') in 0.250828 seconds
  Import took 0.256595 seconds .

========================================================================
Received Import Request.
  Time since last request: 1.013428 seconds.
  path: Assets/Prefabs/Piece6.prefab
  artifactKey: Guid(25e23163847db8c479cec358bf60a3a5) Importer(815301076,1909f56bfc062723c751e8b465ee728b)
Start importing Assets/Prefabs/Piece6.prefab using Guid(25e23163847db8c479cec358bf60a3a5) Importer(815301076,1909f56bfc062723c751e8b465ee728b)  -> (artifact id: 'f9a10ddb05b70d7ecf5be08f1be2ee28') in 0.019446 seconds
  Import took 0.024548 seconds .

========================================================================
Received Prepare
Registering precompiled user dll's ...
Registered in 0.001877 seconds.
Begin MonoManager ReloadAssembly
Native extension for WindowsStandalone target not found
Refreshing native plugins compatible for Editor in 0.53 ms, found 0 plugins.
Preloading 0 native plugins for Editor in 0.00 ms.
Invoked RoslynAnalysisRunner static constructor.
RoslynAnalysisRunner will not be running.
RoslynAnalysisRunner has terminated.
Mono: successfully reloaded assembly
- Completed reload, in  1.003 seconds
Platform modules already initialized, skipping
Shader 'Universal Render Pipeline/Particles/Lit': fallback shader 'Universal Render Pipeline/Particles/SimpleLit' not found
Shader 'Universal Render Pipeline/Particles/Lit': fallback shader 'Universal Render Pipeline/Particles/SimpleLit' not found
Refreshing native plugins compatible for Editor in 0.45 ms, found 0 plugins.
Preloading 0 native plugins for Editor in 0.00 ms.
Unloading 2391 Unused Serialized files (Serialized files now loaded: 0)
System memory in use before: 115.5 MB.
System memory in use after: 113.3 MB.

Unloading 41 unused Assets to reduce memory usage. Loaded Objects now: 2923.
Total: 5.348300 ms (FindLiveObjects: 0.309200 ms CreateObjectMapping: 0.163100 ms MarkObjects: 3.356700 ms  DeleteObjects: 1.517500 ms)

========================================================================
Received Prepare
Registering precompiled user dll's ...
Registered in 0.001525 seconds.
Begin MonoManager ReloadAssembly
Native extension for WindowsStandalone target not found
Refreshing native plugins compatible for Editor in 0.41 ms, found 0 plugins.
Preloading 0 native plugins for Editor in 0.00 ms.
Invoked RoslynAnalysisRunner static constructor.
RoslynAnalysisRunner will not be running.
RoslynAnalysisRunner has terminated.
Mono: successfully reloaded assembly
- Completed reload, in  1.132 seconds
Platform modules already initialized, skipping
Shader 'Universal Render Pipeline/Particles/Lit': fallback shader 'Universal Render Pipeline/Particles/SimpleLit' not found
Shader 'Universal Render Pipeline/Particles/Lit': fallback shader 'Universal Render Pipeline/Particles/SimpleLit' not found
Refreshing native plugins compatible for Editor in 0.68 ms, found 0 plugins.
Preloading 0 native plugins for Editor in 0.00 ms.
Unloading 2391 Unused Serialized files (Serialized files now loaded: 0)
System memory in use before: 115.5 MB.
System memory in use after: 113.3 MB.

Unloading 41 unused Assets to reduce memory usage. Loaded Objects now: 2926.
Total: 5.861500 ms (FindLiveObjects: 0.859500 ms CreateObjectMapping: 0.331400 ms MarkObjects: 2.743500 ms  DeleteObjects: 1.924700 ms)

========================================================================
Received Prepare
Registering precompiled user dll's ...
Registered in 0.001506 seconds.
Begin MonoManager ReloadAssembly
Native extension for WindowsStandalone target not found
Refreshing native plugins compatible for Editor in 0.41 ms, found 0 plugins.
Preloading 0 native plugins for Editor in 0.00 ms.
Invoked RoslynAnalysisRunner static constructor.
RoslynAnalysisRunner will not be running.
RoslynAnalysisRunner has terminated.
Mono: successfully reloaded assembly
- Completed reload, in  0.990 seconds
Platform modules already initialized, skipping
Shader 'Universal Render Pipeline/Particles/Lit': fallback shader 'Universal Render Pipeline/Particles/SimpleLit' not found
Shader 'Universal Render Pipeline/Particles/Lit': fallback shader 'Universal Render Pipeline/Particles/SimpleLit' not found
Refreshing native plugins compatible for Editor in 0.49 ms, found 0 plugins.
Preloading 0 native plugins for Editor in 0.00 ms.
Unloading 2391 Unused Serialized files (Serialized files now loaded: 0)
System memory in use before: 115.5 MB.
System memory in use after: 113.3 MB.

Unloading 41 unused Assets to reduce memory usage. Loaded Objects now: 2929.
Total: 5.444800 ms (FindLiveObjects: 0.286600 ms CreateObjectMapping: 0.149800 ms MarkObjects: 3.492000 ms  DeleteObjects: 1.514900 ms)

========================================================================
Received Import Request.
  Time since last request: 682.713154 seconds.
  path: Assets/Prefabs/Piece11.prefab
  artifactKey: Guid(3bc3db4178237c645be151de5ec19136) Importer(815301076,1909f56bfc062723c751e8b465ee728b)
Start importing Assets/Prefabs/Piece11.prefab using Guid(3bc3db4178237c645be151de5ec19136) Importer(815301076,1909f56bfc062723c751e8b465ee728b)  -> (artifact id: '31129130a6eea5fde4222f049c1ed5a6') in 0.195570 seconds
  Import took 0.201131 seconds .

========================================================================
Received Prepare
Registering precompiled user dll's ...
Registered in 0.001440 seconds.
Begin MonoManager ReloadAssembly
Native extension for WindowsStandalone target not found
Refreshing native plugins compatible for Editor in 0.43 ms, found 0 plugins.
Preloading 0 native plugins for Editor in 0.00 ms.
Invoked RoslynAnalysisRunner static constructor.
RoslynAnalysisRunner will not be running.
RoslynAnalysisRunner has terminated.
Mono: successfully reloaded assembly
- Completed reload, in  1.019 seconds
Platform modules already initialized, skipping
Shader 'Universal Render Pipeline/Particles/Lit': fallback shader 'Universal Render Pipeline/Particles/SimpleLit' not found
Shader 'Universal Render Pipeline/Particles/Lit': fallback shader 'Universal Render Pipeline/Particles/SimpleLit' not found
Refreshing native plugins compatible for Editor in 0.41 ms, found 0 plugins.
Preloading 0 native plugins for Editor in 0.00 ms.
Unloading 2391 Unused Serialized files (Serialized files now loaded: 0)
System memory in use before: 115.5 MB.
System memory in use after: 113.3 MB.

Unloading 41 unused Assets to reduce memory usage. Loaded Objects now: 2968.
Total: 4.353600 ms (FindLiveObjects: 0.291600 ms CreateObjectMapping: 0.146100 ms MarkObjects: 1.948200 ms  DeleteObjects: 1.966700 ms)

========================================================================
Received Prepare
Registering precompiled user dll's ...
Registered in 0.001528 seconds.
Begin MonoManager ReloadAssembly
Native extension for WindowsStandalone target not found
Refreshing native plugins compatible for Editor in 0.42 ms, found 0 plugins.
Preloading 0 native plugins for Editor in 0.00 ms.
Invoked RoslynAnalysisRunner static constructor.
RoslynAnalysisRunner will not be running.
RoslynAnalysisRunner has terminated.
Mono: successfully reloaded assembly
- Completed reload, in  1.020 seconds
Platform modules already initialized, skipping
Shader 'Universal Render Pipeline/Particles/Lit': fallback shader 'Universal Render Pipeline/Particles/SimpleLit' not found
Shader 'Universal Render Pipeline/Particles/Lit': fallback shader 'Universal Render Pipeline/Particles/SimpleLit' not found
Refreshing native plugins compatible for Editor in 0.42 ms, found 0 plugins.
Preloading 0 native plugins for Editor in 0.00 ms.
Unloading 2391 Unused Serialized files (Serialized files now loaded: 0)
System memory in use before: 115.7 MB.
System memory in use after: 113.5 MB.

Unloading 41 unused Assets to reduce memory usage. Loaded Objects now: 2971.
Total: 4.163400 ms (FindLiveObjects: 0.346600 ms CreateObjectMapping: 0.159800 ms MarkObjects: 2.090500 ms  DeleteObjects: 1.565300 ms)

========================================================================
Received Import Request.
  Time since last request: 678.223363 seconds.
  path: Assets/Prefabs/Piece9.prefab
  artifactKey: Guid(189d1164638f4124dbb755e6f7e6402c) Importer(815301076,1909f56bfc062723c751e8b465ee728b)
Start importing Assets/Prefabs/Piece9.prefab using Guid(189d1164638f4124dbb755e6f7e6402c) Importer(815301076,1909f56bfc062723c751e8b465ee728b)  -> (artifact id: 'e5b7caa74ba4fdd02c391c1b9330fd2d') in 0.195454 seconds
  Import took 0.201099 seconds .

========================================================================
Received Prepare
Registering precompiled user dll's ...
Registered in 0.001565 seconds.
Begin MonoManager ReloadAssembly
Native extension for WindowsStandalone target not found
Refreshing native plugins compatible for Editor in 0.41 ms, found 0 plugins.
Preloading 0 native plugins for Editor in 0.00 ms.
Invoked RoslynAnalysisRunner static constructor.
RoslynAnalysisRunner will not be running.
RoslynAnalysisRunner has terminated.
Mono: successfully reloaded assembly
- Completed reload, in  0.978 seconds
Platform modules already initialized, skipping
Shader 'Universal Render Pipeline/Particles/Lit': fallback shader 'Universal Render Pipeline/Particles/SimpleLit' not found
Shader 'Universal Render Pipeline/Particles/Lit': fallback shader 'Universal Render Pipeline/Particles/SimpleLit' not found
Refreshing native plugins compatible for Editor in 0.64 ms, found 0 plugins.
Preloading 0 native plugins for Editor in 0.00 ms.
Unloading 2391 Unused Serialized files (Serialized files now loaded: 0)
System memory in use before: 115.8 MB.
System memory in use after: 113.6 MB.

Unloading 41 unused Assets to reduce memory usage. Loaded Objects now: 3010.
Total: 5.234800 ms (FindLiveObjects: 0.458700 ms CreateObjectMapping: 0.196600 ms MarkObjects: 2.622800 ms  DeleteObjects: 1.955200 ms)

========================================================================
Received Import Request.
  Time since last request: 1073.116379 seconds.
  path: Assets/Prefabs/Piece1.prefab
  artifactKey: Guid(ef53bd29309f4404fb4755cdc885d57f) Importer(815301076,1909f56bfc062723c751e8b465ee728b)
Start importing Assets/Prefabs/Piece1.prefab using Guid(ef53bd29309f4404fb4755cdc885d57f) Importer(815301076,1909f56bfc062723c751e8b465ee728b)  -> (artifact id: 'db899d3a6c86df16ccce4fbd7d8bf7d7') in 0.319067 seconds
  Import took 0.324843 seconds .

========================================================================
Received Prepare
Registering precompiled user dll's ...
Registered in 0.001468 seconds.
Begin MonoManager ReloadAssembly
Native extension for WindowsStandalone target not found
Refreshing native plugins compatible for Editor in 0.50 ms, found 0 plugins.
Preloading 0 native plugins for Editor in 0.00 ms.
Invoked RoslynAnalysisRunner static constructor.
RoslynAnalysisRunner will not be running.
RoslynAnalysisRunner has terminated.
Mono: successfully reloaded assembly
- Completed reload, in  1.074 seconds
Platform modules already initialized, skipping
Shader 'Universal Render Pipeline/Particles/Lit': fallback shader 'Universal Render Pipeline/Particles/SimpleLit' not found
Shader 'Universal Render Pipeline/Particles/Lit': fallback shader 'Universal Render Pipeline/Particles/SimpleLit' not found
Refreshing native plugins compatible for Editor in 0.53 ms, found 0 plugins.
Preloading 0 native plugins for Editor in 0.00 ms.
Unloading 2391 Unused Serialized files (Serialized files now loaded: 0)
System memory in use before: 115.9 MB.
System memory in use after: 113.7 MB.

Unloading 41 unused Assets to reduce memory usage. Loaded Objects now: 3049.
Total: 4.636700 ms (FindLiveObjects: 0.299900 ms CreateObjectMapping: 0.133600 ms MarkObjects: 2.603300 ms  DeleteObjects: 1.598700 ms)

========================================================================
Received Prepare
Registering precompiled user dll's ...
Registered in 0.001497 seconds.
Begin MonoManager ReloadAssembly
Native extension for WindowsStandalone target not found
Refreshing native plugins compatible for Editor in 0.41 ms, found 0 plugins.
Preloading 0 native plugins for Editor in 0.00 ms.
Invoked RoslynAnalysisRunner static constructor.
RoslynAnalysisRunner will not be running.
RoslynAnalysisRunner has terminated.
Mono: successfully reloaded assembly
- Completed reload, in  0.991 seconds
Platform modules already initialized, skipping
Shader 'Universal Render Pipeline/Particles/Lit': fallback shader 'Universal Render Pipeline/Particles/SimpleLit' not found
Shader 'Universal Render Pipeline/Particles/Lit': fallback shader 'Universal Render Pipeline/Particles/SimpleLit' not found
Refreshing native plugins compatible for Editor in 0.45 ms, found 0 plugins.
Preloading 0 native plugins for Editor in 0.00 ms.
Unloading 2391 Unused Serialized files (Serialized files now loaded: 0)
System memory in use before: 116.0 MB.
System memory in use after: 113.7 MB.

Unloading 41 unused Assets to reduce memory usage. Loaded Objects now: 3052.
Total: 5.016400 ms (FindLiveObjects: 0.480100 ms CreateObjectMapping: 0.240900 ms MarkObjects: 2.593600 ms  DeleteObjects: 1.699900 ms)

