Using pre-set license
Built from '2020.3/staging' branch; Version is '2020.3.0f1 (c7b5465681fb) revision 13088070'; Using compiler version '192528614'; Build Type 'Release'
OS: 'Windows 10 Home Single Language; OS build 19043.1526; Version 2009; 64bit' Language: 'tr' Physical Memory: 8134 MB
BatchMode: 1, IsHumanControllingUs: 0, StartBugReporterOnCrash: 0, Is64bit: 1, IsPro: 0

 COMMAND LINE ARGUMENTS:
C:\Program Files\Unity\Hub\Editor\2020.3.0f1\Editor\Unity.exe
-adb2
-batchMode
-noUpm
-name
AssetImportWorker0
-projectPath
C:/Users/cagri/Desktop/CubeSurfer
-logFile
Logs/AssetImportWorker0.log
-srvPort
54275
Successfully changed project path to: C:/Users/cagri/Desktop/CubeSurfer
C:/Users/cagri/Desktop/CubeSurfer
Using Asset Import Pipeline V2.
Refreshing native plugins compatible for Editor in 58.11 ms, found 0 plugins.
Preloading 0 native plugins for Editor in 0.00 ms.
Initialize engine version: 2020.3.0f1 (c7b5465681fb)
[Subsystems] Discovering subsystems at path C:/Program Files/Unity/Hub/Editor/2020.3.0f1/Editor/Data/Resources/UnitySubsystems
[Subsystems] Discovering subsystems at path C:/Users/cagri/Desktop/CubeSurfer/Assets
GfxDevice: creating device client; threaded=0
Direct3D:
    Version:  Direct3D 11.0 [level 11.1]
    Renderer: NVIDIA GeForce GTX 1060 6GB (ID=0x1c03)
    Vendor:   
    VRAM:     6052 MB
    Driver:   30.0.14.7141
Shader 'Universal Render Pipeline/Particles/Lit': fallback shader 'Universal Render Pipeline/Particles/SimpleLit' not found
Initialize mono
Mono path[0] = 'C:/Program Files/Unity/Hub/Editor/2020.3.0f1/Editor/Data/Managed'
Mono path[1] = 'C:/Program Files/Unity/Hub/Editor/2020.3.0f1/Editor/Data/MonoBleedingEdge/lib/mono/unityjit'
Mono config path = 'C:/Program Files/Unity/Hub/Editor/2020.3.0f1/Editor/Data/MonoBleedingEdge/etc'
Using monoOptions --debugger-agent=transport=dt_socket,embedding=1,server=y,suspend=n,address=127.0.0.1:56856
Begin MonoManager ReloadAssembly
Registering precompiled unity dll's ...
Register platform support module: C:/Program Files/Unity/Hub/Editor/2020.3.0f1/Editor/Data/PlaybackEngines/WindowsStandaloneSupport/UnityEditor.WindowsStandalone.Extensions.dll
Registered in 0.001812 seconds.
Native extension for WindowsStandalone target not found
Refreshing native plugins compatible for Editor in 58.58 ms, found 0 plugins.
Preloading 0 native plugins for Editor in 0.00 ms.
Invoked RoslynAnalysisRunner static constructor.
RoslynAnalysisRunner will not be running.
RoslynAnalysisRunner has terminated.
Mono: successfully reloaded assembly
- Completed reload, in  3.808 seconds
Platform modules already initialized, skipping
Registering precompiled user dll's ...
Registered in 0.008495 seconds.
Begin MonoManager ReloadAssembly
Native extension for WindowsStandalone target not found
Refreshing native plugins compatible for Editor in 60.34 ms, found 0 plugins.
Preloading 0 native plugins for Editor in 0.00 ms.
Invoked RoslynAnalysisRunner static constructor.
RoslynAnalysisRunner will not be running.
RoslynAnalysisRunner has terminated.
Mono: successfully reloaded assembly
- Completed reload, in  1.147 seconds
Platform modules already initialized, skipping
========================================================================
Worker process is ready to serve import requests
Shader 'Universal Render Pipeline/Particles/Lit': fallback shader 'Universal Render Pipeline/Particles/SimpleLit' not found
Launched and connected shader compiler UnityShaderCompiler.exe after 0.05 seconds
Refreshing native plugins compatible for Editor in 0.46 ms, found 0 plugins.
Preloading 0 native plugins for Editor in 0.00 ms.
Unloading 2470 Unused Serialized files (Serialized files now loaded: 0)
System memory in use before: 114.7 MB.
System memory in use after: 114.9 MB.

Unloading 10 unused Assets to reduce memory usage. Loaded Objects now: 2920.
Total: 2.841200 ms (FindLiveObjects: 0.352900 ms CreateObjectMapping: 0.233200 ms MarkObjects: 2.156800 ms  DeleteObjects: 0.096700 ms)

========================================================================
Received Import Request.
  path: Assets/Scripts/Yontem2.cs
  artifactKey: Guid(5631f0c1bb80f5e4e95fe99689fa1ab7) Importer(815301076,1909f56bfc062723c751e8b465ee728b)
Start importing Assets/Scripts/Yontem2.cs using Guid(5631f0c1bb80f5e4e95fe99689fa1ab7) Importer(815301076,1909f56bfc062723c751e8b465ee728b)  -> (artifact id: '266211b01eccc8cf283fa8174cdc0092') in 0.079243 seconds
  Import took 0.086215 seconds .

========================================================================
Received Prepare
Registering precompiled user dll's ...
Registered in 0.001452 seconds.
Begin MonoManager ReloadAssembly
Native extension for WindowsStandalone target not found
Refreshing native plugins compatible for Editor in 0.43 ms, found 0 plugins.
Preloading 0 native plugins for Editor in 0.00 ms.
Invoked RoslynAnalysisRunner static constructor.
RoslynAnalysisRunner will not be running.
RoslynAnalysisRunner has terminated.
Mono: successfully reloaded assembly
- Completed reload, in  0.958 seconds
Platform modules already initialized, skipping
Shader 'Universal Render Pipeline/Particles/Lit': fallback shader 'Universal Render Pipeline/Particles/SimpleLit' not found
Refreshing native plugins compatible for Editor in 0.48 ms, found 0 plugins.
Preloading 0 native plugins for Editor in 0.00 ms.
Unloading 2361 Unused Serialized files (Serialized files now loaded: 0)
System memory in use before: 108.9 MB.
System memory in use after: 109.1 MB.

Unloading 5 unused Assets to reduce memory usage. Loaded Objects now: 2923.
Total: 2.464000 ms (FindLiveObjects: 0.279700 ms CreateObjectMapping: 0.252800 ms MarkObjects: 1.900000 ms  DeleteObjects: 0.029900 ms)

========================================================================
Received Import Request.
  Time since last request: 19.663092 seconds.
  path: Assets/Scripts/Yontem2.cs
  artifactKey: Guid(5631f0c1bb80f5e4e95fe99689fa1ab7) Importer(815301076,1909f56bfc062723c751e8b465ee728b)
Start importing Assets/Scripts/Yontem2.cs using Guid(5631f0c1bb80f5e4e95fe99689fa1ab7) Importer(815301076,1909f56bfc062723c751e8b465ee728b)  -> (artifact id: '9ebbb98ce6876442743bfb09f4e7ec16') in 0.006270 seconds
  Import took 0.010985 seconds .

========================================================================
Received Prepare
Registering precompiled user dll's ...
Registered in 0.001473 seconds.
Begin MonoManager ReloadAssembly
Native extension for WindowsStandalone target not found
Refreshing native plugins compatible for Editor in 0.46 ms, found 0 plugins.
Preloading 0 native plugins for Editor in 0.00 ms.
Invoked RoslynAnalysisRunner static constructor.
RoslynAnalysisRunner will not be running.
RoslynAnalysisRunner has terminated.
Mono: successfully reloaded assembly
- Completed reload, in  1.062 seconds
Platform modules already initialized, skipping
Shader 'Universal Render Pipeline/Particles/Lit': fallback shader 'Universal Render Pipeline/Particles/SimpleLit' not found
Refreshing native plugins compatible for Editor in 0.47 ms, found 0 plugins.
Preloading 0 native plugins for Editor in 0.00 ms.
Unloading 2361 Unused Serialized files (Serialized files now loaded: 0)
System memory in use before: 109.0 MB.
System memory in use after: 109.2 MB.

Unloading 5 unused Assets to reduce memory usage. Loaded Objects now: 2926.
Total: 2.706700 ms (FindLiveObjects: 0.332900 ms CreateObjectMapping: 0.164100 ms MarkObjects: 2.183000 ms  DeleteObjects: 0.024900 ms)

========================================================================
Received Import Request.
  Time since last request: 20.738850 seconds.
  path: Assets/Scripts/Yontem2.cs
  artifactKey: Guid(5631f0c1bb80f5e4e95fe99689fa1ab7) Importer(815301076,1909f56bfc062723c751e8b465ee728b)
Start importing Assets/Scripts/Yontem2.cs using Guid(5631f0c1bb80f5e4e95fe99689fa1ab7) Importer(815301076,1909f56bfc062723c751e8b465ee728b)  -> (artifact id: 'ec95ef8fa2cfef375d82483ed2e078b7') in 0.005811 seconds
  Import took 0.010544 seconds .

========================================================================
Received Import Request.
  Time since last request: 1.968827 seconds.
  path: Assets/Scripts/Yontem2.cs
  artifactKey: Guid(5631f0c1bb80f5e4e95fe99689fa1ab7) Importer(815301076,1909f56bfc062723c751e8b465ee728b)
Start importing Assets/Scripts/Yontem2.cs using Guid(5631f0c1bb80f5e4e95fe99689fa1ab7) Importer(815301076,1909f56bfc062723c751e8b465ee728b)  -> (artifact id: 'ec95ef8fa2cfef375d82483ed2e078b7') in 0.005057 seconds
  Import took 0.009575 seconds .

========================================================================
Received Prepare
Registering precompiled user dll's ...
Registered in 0.001432 seconds.
Begin MonoManager ReloadAssembly
Native extension for WindowsStandalone target not found
Refreshing native plugins compatible for Editor in 0.46 ms, found 0 plugins.
Preloading 0 native plugins for Editor in 0.00 ms.
Invoked RoslynAnalysisRunner static constructor.
RoslynAnalysisRunner will not be running.
RoslynAnalysisRunner has terminated.
Mono: successfully reloaded assembly
- Completed reload, in  1.025 seconds
Platform modules already initialized, skipping
Shader 'Universal Render Pipeline/Particles/Lit': fallback shader 'Universal Render Pipeline/Particles/SimpleLit' not found
Refreshing native plugins compatible for Editor in 0.47 ms, found 0 plugins.
Preloading 0 native plugins for Editor in 0.00 ms.
Unloading 2361 Unused Serialized files (Serialized files now loaded: 0)
System memory in use before: 109.0 MB.
System memory in use after: 109.2 MB.

Unloading 5 unused Assets to reduce memory usage. Loaded Objects now: 2929.
Total: 2.473700 ms (FindLiveObjects: 0.321100 ms CreateObjectMapping: 0.168000 ms MarkObjects: 1.961500 ms  DeleteObjects: 0.021700 ms)

========================================================================
Received Import Request.
  Time since last request: 19.761805 seconds.
  path: Assets/Scripts/Yontem2.cs
  artifactKey: Guid(5631f0c1bb80f5e4e95fe99689fa1ab7) Importer(815301076,1909f56bfc062723c751e8b465ee728b)
Start importing Assets/Scripts/Yontem2.cs using Guid(5631f0c1bb80f5e4e95fe99689fa1ab7) Importer(815301076,1909f56bfc062723c751e8b465ee728b)  -> (artifact id: 'e5639def877e12da64111a7918c56dfd') in 0.005867 seconds
  Import took 0.010287 seconds .

========================================================================
Received Import Request.
  Time since last request: 2.266158 seconds.
  path: Assets/Scripts/Yontem2.cs
  artifactKey: Guid(5631f0c1bb80f5e4e95fe99689fa1ab7) Importer(815301076,1909f56bfc062723c751e8b465ee728b)
Start importing Assets/Scripts/Yontem2.cs using Guid(5631f0c1bb80f5e4e95fe99689fa1ab7) Importer(815301076,1909f56bfc062723c751e8b465ee728b)  -> (artifact id: 'e5639def877e12da64111a7918c56dfd') in 0.002740 seconds
  Import took 0.006748 seconds .

========================================================================
Received Prepare
Registering precompiled user dll's ...
Registered in 0.001603 seconds.
Begin MonoManager ReloadAssembly
Native extension for WindowsStandalone target not found
Refreshing native plugins compatible for Editor in 0.58 ms, found 0 plugins.
Preloading 0 native plugins for Editor in 0.00 ms.
Invoked RoslynAnalysisRunner static constructor.
RoslynAnalysisRunner will not be running.
RoslynAnalysisRunner has terminated.
Mono: successfully reloaded assembly
- Completed reload, in  0.935 seconds
Platform modules already initialized, skipping
Shader 'Universal Render Pipeline/Particles/Lit': fallback shader 'Universal Render Pipeline/Particles/SimpleLit' not found
Refreshing native plugins compatible for Editor in 0.45 ms, found 0 plugins.
Preloading 0 native plugins for Editor in 0.00 ms.
Unloading 2361 Unused Serialized files (Serialized files now loaded: 0)
System memory in use before: 109.0 MB.
System memory in use after: 109.2 MB.

Unloading 5 unused Assets to reduce memory usage. Loaded Objects now: 2932.
Total: 4.596600 ms (FindLiveObjects: 0.772900 ms CreateObjectMapping: 0.262800 ms MarkObjects: 3.535600 ms  DeleteObjects: 0.023300 ms)

========================================================================
Received Import Request.
  Time since last request: 21.620886 seconds.
  path: Assets/Scripts/Yontem2.cs
  artifactKey: Guid(5631f0c1bb80f5e4e95fe99689fa1ab7) Importer(815301076,1909f56bfc062723c751e8b465ee728b)
Start importing Assets/Scripts/Yontem2.cs using Guid(5631f0c1bb80f5e4e95fe99689fa1ab7) Importer(815301076,1909f56bfc062723c751e8b465ee728b)  -> (artifact id: '2f5c1dc99f50e40f49490f563d1005e4') in 0.007004 seconds
  Import took 0.012254 seconds .

========================================================================
Received Prepare
Registering precompiled user dll's ...
Registered in 0.001486 seconds.
Begin MonoManager ReloadAssembly
Native extension for WindowsStandalone target not found
Refreshing native plugins compatible for Editor in 0.46 ms, found 0 plugins.
Preloading 0 native plugins for Editor in 0.00 ms.
Invoked RoslynAnalysisRunner static constructor.
RoslynAnalysisRunner will not be running.
RoslynAnalysisRunner has terminated.
Mono: successfully reloaded assembly
- Completed reload, in  1.037 seconds
Platform modules already initialized, skipping
Shader 'Universal Render Pipeline/Particles/Lit': fallback shader 'Universal Render Pipeline/Particles/SimpleLit' not found
Refreshing native plugins compatible for Editor in 0.45 ms, found 0 plugins.
Preloading 0 native plugins for Editor in 0.00 ms.
Unloading 2361 Unused Serialized files (Serialized files now loaded: 0)
System memory in use before: 108.9 MB.
System memory in use after: 109.1 MB.

Unloading 5 unused Assets to reduce memory usage. Loaded Objects now: 2935.
Total: 2.112000 ms (FindLiveObjects: 0.258800 ms CreateObjectMapping: 0.138600 ms MarkObjects: 1.695600 ms  DeleteObjects: 0.018000 ms)

========================================================================
Received Import Request.
  Time since last request: 28.079549 seconds.
  path: Assets/Scripts/Yontem2.cs
  artifactKey: Guid(5631f0c1bb80f5e4e95fe99689fa1ab7) Importer(815301076,1909f56bfc062723c751e8b465ee728b)
Start importing Assets/Scripts/Yontem2.cs using Guid(5631f0c1bb80f5e4e95fe99689fa1ab7) Importer(815301076,1909f56bfc062723c751e8b465ee728b)  -> (artifact id: 'dfa048eb4e94fa90591ef29cf57bcd74') in 0.006303 seconds
  Import took 0.011596 seconds .

========================================================================
Received Prepare
Registering precompiled user dll's ...
Registered in 0.001781 seconds.
Begin MonoManager ReloadAssembly
Native extension for WindowsStandalone target not found
Refreshing native plugins compatible for Editor in 0.56 ms, found 0 plugins.
Preloading 0 native plugins for Editor in 0.00 ms.
Invoked RoslynAnalysisRunner static constructor.
RoslynAnalysisRunner will not be running.
RoslynAnalysisRunner has terminated.
Mono: successfully reloaded assembly
- Completed reload, in  1.050 seconds
Platform modules already initialized, skipping
Shader 'Universal Render Pipeline/Particles/Lit': fallback shader 'Universal Render Pipeline/Particles/SimpleLit' not found
Refreshing native plugins compatible for Editor in 0.45 ms, found 0 plugins.
Preloading 0 native plugins for Editor in 0.00 ms.
Unloading 2361 Unused Serialized files (Serialized files now loaded: 0)
System memory in use before: 109.0 MB.
System memory in use after: 109.2 MB.

Unloading 5 unused Assets to reduce memory usage. Loaded Objects now: 2938.
Total: 2.100900 ms (FindLiveObjects: 0.254500 ms CreateObjectMapping: 0.126100 ms MarkObjects: 1.699200 ms  DeleteObjects: 0.020300 ms)

========================================================================
Received Prepare
Registering precompiled user dll's ...
Registered in 0.001445 seconds.
Begin MonoManager ReloadAssembly
Native extension for WindowsStandalone target not found
Refreshing native plugins compatible for Editor in 0.55 ms, found 0 plugins.
Preloading 0 native plugins for Editor in 0.00 ms.
Invoked RoslynAnalysisRunner static constructor.
RoslynAnalysisRunner will not be running.
RoslynAnalysisRunner has terminated.
Mono: successfully reloaded assembly
- Completed reload, in  1.017 seconds
Platform modules already initialized, skipping
Shader 'Universal Render Pipeline/Particles/Lit': fallback shader 'Universal Render Pipeline/Particles/SimpleLit' not found
Refreshing native plugins compatible for Editor in 0.48 ms, found 0 plugins.
Preloading 0 native plugins for Editor in 0.00 ms.
Unloading 2361 Unused Serialized files (Serialized files now loaded: 0)
System memory in use before: 109.0 MB.
System memory in use after: 109.2 MB.

Unloading 5 unused Assets to reduce memory usage. Loaded Objects now: 2941.
Total: 2.386600 ms (FindLiveObjects: 0.278900 ms CreateObjectMapping: 0.131900 ms MarkObjects: 1.956000 ms  DeleteObjects: 0.018500 ms)

========================================================================
Received Import Request.
  Time since last request: 29.176651 seconds.
  path: Assets/Scripts/Yontem2.cs
  artifactKey: Guid(5631f0c1bb80f5e4e95fe99689fa1ab7) Importer(815301076,1909f56bfc062723c751e8b465ee728b)
Start importing Assets/Scripts/Yontem2.cs using Guid(5631f0c1bb80f5e4e95fe99689fa1ab7) Importer(815301076,1909f56bfc062723c751e8b465ee728b)  -> (artifact id: '0fbc973ef2ecc4911d578bce41fae369') in 0.006818 seconds
  Import took 0.011486 seconds .

========================================================================
Received Import Request.
  Time since last request: 2.352874 seconds.
  path: Assets/Scripts/Yontem2.cs
  artifactKey: Guid(5631f0c1bb80f5e4e95fe99689fa1ab7) Importer(815301076,1909f56bfc062723c751e8b465ee728b)
Start importing Assets/Scripts/Yontem2.cs using Guid(5631f0c1bb80f5e4e95fe99689fa1ab7) Importer(815301076,1909f56bfc062723c751e8b465ee728b)  -> (artifact id: '0fbc973ef2ecc4911d578bce41fae369') in 0.003073 seconds
  Import took 0.007048 seconds .

========================================================================
Received Prepare
Registering precompiled user dll's ...
Registered in 0.001448 seconds.
Begin MonoManager ReloadAssembly
Native extension for WindowsStandalone target not found
Refreshing native plugins compatible for Editor in 0.44 ms, found 0 plugins.
Preloading 0 native plugins for Editor in 0.00 ms.
Invoked RoslynAnalysisRunner static constructor.
RoslynAnalysisRunner will not be running.
RoslynAnalysisRunner has terminated.
Mono: successfully reloaded assembly
- Completed reload, in  1.021 seconds
Platform modules already initialized, skipping
Shader 'Universal Render Pipeline/Particles/Lit': fallback shader 'Universal Render Pipeline/Particles/SimpleLit' not found
Refreshing native plugins compatible for Editor in 0.45 ms, found 0 plugins.
Preloading 0 native plugins for Editor in 0.00 ms.
Unloading 2361 Unused Serialized files (Serialized files now loaded: 0)
System memory in use before: 109.0 MB.
System memory in use after: 109.3 MB.

Unloading 5 unused Assets to reduce memory usage. Loaded Objects now: 2944.
Total: 2.337700 ms (FindLiveObjects: 0.373000 ms CreateObjectMapping: 0.198300 ms MarkObjects: 1.747700 ms  DeleteObjects: 0.017600 ms)

========================================================================
Received Prepare
Registering precompiled user dll's ...
Registered in 0.001467 seconds.
Begin MonoManager ReloadAssembly
Native extension for WindowsStandalone target not found
Refreshing native plugins compatible for Editor in 0.58 ms, found 0 plugins.
Preloading 0 native plugins for Editor in 0.00 ms.
Invoked RoslynAnalysisRunner static constructor.
RoslynAnalysisRunner will not be running.
RoslynAnalysisRunner has terminated.
Mono: successfully reloaded assembly
- Completed reload, in  1.164 seconds
Platform modules already initialized, skipping
Shader 'Universal Render Pipeline/Particles/Lit': fallback shader 'Universal Render Pipeline/Particles/SimpleLit' not found
Refreshing native plugins compatible for Editor in 0.68 ms, found 0 plugins.
Preloading 0 native plugins for Editor in 0.00 ms.
Unloading 2361 Unused Serialized files (Serialized files now loaded: 0)
System memory in use before: 109.0 MB.
System memory in use after: 109.3 MB.

Unloading 5 unused Assets to reduce memory usage. Loaded Objects now: 2947.
Total: 4.485800 ms (FindLiveObjects: 0.343400 ms CreateObjectMapping: 1.621800 ms MarkObjects: 2.475000 ms  DeleteObjects: 0.043700 ms)

AssetImportWorkerClient::OnTransportError - code=2 error=End of file
